<?xml version="1.0" encoding="UTF-8"?>
<testng-results ignored="0" total="1" passed="1" failed="0" skipped="0">
  <reporter-output>
  </reporter-output>
  <suite started-at="2024-11-14T15:38:00 IST" name="Default suite" finished-at="2024-11-14T15:38:06 IST" duration-ms="5958">
    <groups>
    </groups>
    <test started-at="2024-11-14T15:38:00 IST" name="Default test" finished-at="2024-11-14T15:38:06 IST" duration-ms="5958">
      <class name="login.Login">
        <test-method signature="loginTest()[pri:0, instance:login.Login@72967906]" started-at="2024-11-14T15:38:00 IST" name="loginTest" finished-at="2024-11-14T15:38:06 IST" duration-ms="5927" status="PASS">
          <reporter-output>
          </reporter-output>
        </test-method> <!-- loginTest -->
      </class> <!-- login.Login -->
    </test> <!-- Default test -->
  </suite> <!-- Default suite -->
</testng-results>
